l017Notes/build/outputs/logs/manifest-merger-debug-report.txt
-- Merging decision tree log ---
manifest
ADDED from src\main\AndroidManifest.xml:2:1-49:12
	package
		ADDED from src\main\AndroidManifest.xml:3:5-27
		INJECTED from src\main\AndroidManifest.xml
		INJECTED from src\main\AndroidManifest.xml
	android:versionName
		ADDED from src\main\AndroidManifest.xml:5:5-30
		INJECTED from src\main\AndroidManifest.xml
		INJECTED from src\main\AndroidManifest.xml
	android:versionCode
		ADDED from src\main\AndroidManifest.xml:4:5-28
		INJECTED from src\main\AndroidManifest.xml
		INJECTED from src\main\AndroidManifest.xml
	xmlns:android
		ADDED from src\main\AndroidManifest.xml:2:11-69
uses-sdk
ADDED from src\main\AndroidManifest.xml:7:5-9:40
MERGED from [com.android.support:appcompat-v7:19.1.0] AndroidManifest.xml:18:5-42
	android:targetSdkVersion
		ADDED from src\main\AndroidManifest.xml:9:9-37
		INJECTED from src\main\AndroidManifest.xml
		INJECTED from src\main\AndroidManifest.xml
	android:minSdkVersion
		ADDED from src\main\AndroidManifest.xml:8:9-34
		INJECTED from src\main\AndroidManifest.xml
		INJECTED from src\main\AndroidManifest.xml
uses-permission#android.permission.WRITE_EXTERNAL_STORAGE
ADDED from src\main\AndroidManifest.xml:11:5-12:23
	android:name
		ADDED from src\main\AndroidManifest.xml:11:22-78
application
ADDED from src\main\AndroidManifest.xml:14:5-47:19
MERGED from [com.android.support:appcompat-v7:19.1.0] AndroidManifest.xml:19:5-20
	android:hasCode
		ADDED from src\main\AndroidManifest.xml:17:9-32
	android:label
		ADDED from src\main\AndroidManifest.xml:19:9-41
	android:allowTaskReparenting
		ADDED from src\main\AndroidManifest.xml:16:9-45
	android:allowBackup
		ADDED from src\main\AndroidManifest.xml:15:9-35
	android:icon
		ADDED from src\main\AndroidManifest.xml:18:9-45
	android:theme
		ADDED from src\main\AndroidManifest.xml:20:9-40
activity#cn.eoe.notes.MainActivity
ADDED from src\main\AndroidManifest.xml:21:9-29:20
	android:label
		ADDED from src\main\AndroidManifest.xml:24:13-45
	android:configChanges
		ADDED from src\main\AndroidManifest.xml:23:13-63
	android:name
		ADDED from src\main\AndroidManifest.xml:22:13-41
intent-filter#android.intent.action.MAIN+android.intent.category.LAUNCHER
ADDED from src\main\AndroidManifest.xml:25:13-28:29
action#android.intent.action.MAIN
ADDED from src\main\AndroidManifest.xml:26:21-73
	android:name
		ADDED from src\main\AndroidManifest.xml:26:29-70
category#android.intent.category.LAUNCHER
ADDED from src\main\AndroidManifest.xml:27:21-81
	android:name
		ADDED from src\main\AndroidManifest.xml:27:31-78
activity#cn.eoe.notes.AtyEditeNote
ADDED from src\main\AndroidManifest.xml:30:9-33:20
	android:name
		ADDED from src\main\AndroidManifest.xml:31:13-41
activity#cn.eoe.notes.AtyPhotoViewer
ADDED from src\main\AndroidManifest.xml:34:9-37:20
	android:name
		ADDED from src\main\AndroidManifest.xml:35:13-43
activity#cn.eoe.notes.AtyVideoViewer
ADDED from src\main\AndroidManifest.xml:38:9-42:20
	android:name
		ADDED from src\main\AndroidManifest.xml:39:13-43
activity#cn.eoe.notes.User_login
ADDED from src\main\AndroidManifest.xml:43:9-46:20
	android:label
		ADDED from src\main\AndroidManifest.xml:45:13-62
	android:name
		ADDED from src\main\AndroidManifest.xml:44:13-39